Arguments: 
  C:\Program Files\nodejs\node.exe C:\Users\think\AppData\Roaming\npm\node_modules\yarn\bin\yarn.js add morgna

PATH: 
  C:\Program Files\Git\mingw64\bin;C:\Program Files\Git\usr\bin;C:\Users\think\bin;C:\Program Files (x86)\Intel\Intel(R) Management Engine Components\iCLS;C:\Program Files\Intel\Intel(R) Management Engine Components\iCLS;C:\Windows\system32;C:\Windows;C:\Windows\System32\Wbem;C:\Windows\System32\WindowsPowerShell\v1.0;C:\Program Files (x86)\Intel\Intel(R) Management Engine Components\DAL;C:\Program Files\Intel\Intel(R) Management Engine Components\DAL;C:\Program Files (x86)\Intel\Intel(R) Management Engine Components\IPT;C:\Program Files\Intel\Intel(R) Management Engine Components\IPT;C:\Program Files (x86)\NVIDIA Corporation\PhysX\Common;C:\Program Files\nodejs;C:\Program Files\Git\cmd;C:\WINDOWS\system32;C:\WINDOWS;C:\WINDOWS\System32\Wbem;C:\WINDOWS\System32\WindowsPowerShell\v1.0;C:\WINDOWS\System32\OpenSSH;.;C:\xampp\php";C:\Users\think\AppData\Local\Microsoft\WindowsApps;C:\Program Files\Microsoft VS Code\bin;C:\Users\think\AppData\Roaming\npm;C:\Program Files\Heroku\bin;C:\Users\think\AppData\Local\GitHubDesktop\bin;C:\Program Files\MongoDB\Server\4.0\bin;C:\xampp\php

Yarn version: 
  1.9.4

Node version: 
  8.11.0

Platform: 
  win32 x64

Trace: 
  Error: https://registry.yarnpkg.com/morgna: Not found
      at Request.params.callback [as _callback] (C:\Users\think\AppData\Roaming\npm\node_modules\yarn\lib\cli.js:64202:18)
      at Request.self.callback (C:\Users\think\AppData\Roaming\npm\node_modules\yarn\lib\cli.js:137468:22)
      at emitTwo (events.js:126:13)
      at Request.emit (events.js:214:7)
      at Request.<anonymous> (C:\Users\think\AppData\Roaming\npm\node_modules\yarn\lib\cli.js:138440:10)
      at emitOne (events.js:116:13)
      at Request.emit (events.js:211:7)
      at IncomingMessage.<anonymous> (C:\Users\think\AppData\Roaming\npm\node_modules\yarn\lib\cli.js:138362:12)
      at Object.onceWrapper (events.js:313:30)
      at emitNone (events.js:111:20)

npm manifest: 
  {
    "name": "receipt-me-kevin_branch",
    "version": "1.0.0",
    "description": "receipt",
    "main": "server.js",
    "dependencies": {
      "react-native-tesseract-ocr": "^1.0.10"
    },
    "devDependencies": {},
    "scripts": {
      "test": "echo \"Error: no test specified\" && exit 1",
      "start": "node server.js"
    },
    "repository": {
      "type": "git",
      "url": "git+https://github.com/thinkgreen4/receipt-me.git"
    },
    "author": "",
    "license": "ISC",
    "bugs": {
      "url": "https://github.com/thinkgreen4/receipt-me/issues"
    },
    "homepage": "https://github.com/thinkgreen4/receipt-me#readme"
  }

yarn manifest: 
  No manifest

Lockfile: 
  # THIS IS AN AUTOGENERATED FILE. DO NOT EDIT THIS FILE DIRECTLY.
  # yarn lockfile v1
  
  
  react-native-tesseract-ocr@^1.0.10:
    version "1.0.10"
    resolved "https://registry.yarnpkg.com/react-native-tesseract-ocr/-/react-native-tesseract-ocr-1.0.10.tgz#f11170bd7d1708495687c842b934eb3e412a0fe6"
